<?xml version="1.0" encoding="UTF-8"?>
<testsuites>
  <testsuite name="" tests="37" assertions="76" errors="0" warnings="0" failures="0" skipped="0" time="0.049633">
    <testsuite name="Project Test Suite" tests="37" assertions="76" errors="0" warnings="0" failures="0" skipped="0" time="0.049633">
      <testsuite name="App\Adventure\AdventureLogicTest" file="/home/pau/dbwebb-kurser/mvc/me/report/tests/Adventure/AdventureLogicTest.php" tests="5" assertions="13" errors="0" warnings="0" failures="0" skipped="0" time="0.010103">
        <testcase name="testMove" class="App\Adventure\AdventureLogicTest" classname="App.Adventure.AdventureLogicTest" file="/home/pau/dbwebb-kurser/mvc/me/report/tests/Adventure/AdventureLogicTest.php" line="12" assertions="4" time="0.008446"/>
        <testcase name="testPickItem" class="App\Adventure\AdventureLogicTest" classname="App.Adventure.AdventureLogicTest" file="/home/pau/dbwebb-kurser/mvc/me/report/tests/Adventure/AdventureLogicTest.php" line="31" assertions="3" time="0.000401"/>
        <testcase name="testInteract" class="App\Adventure\AdventureLogicTest" classname="App.Adventure.AdventureLogicTest" file="/home/pau/dbwebb-kurser/mvc/me/report/tests/Adventure/AdventureLogicTest.php" line="51" assertions="3" time="0.000359"/>
        <testcase name="testIsGameOver" class="App\Adventure\AdventureLogicTest" classname="App.Adventure.AdventureLogicTest" file="/home/pau/dbwebb-kurser/mvc/me/report/tests/Adventure/AdventureLogicTest.php" line="76" assertions="1" time="0.000583"/>
        <testcase name="testGetInventoryAsString" class="App\Adventure\AdventureLogicTest" classname="App.Adventure.AdventureLogicTest" file="/home/pau/dbwebb-kurser/mvc/me/report/tests/Adventure/AdventureLogicTest.php" line="83" assertions="2" time="0.000314"/>
      </testsuite>
      <testsuite name="App\Adventure\ItemTest" file="/home/pau/dbwebb-kurser/mvc/me/report/tests/Adventure/ItemTest.php" tests="2" assertions="5" errors="0" warnings="0" failures="0" skipped="0" time="0.001141">
        <testcase name="testCreateObject" class="App\Adventure\ItemTest" classname="App.Adventure.ItemTest" file="/home/pau/dbwebb-kurser/mvc/me/report/tests/Adventure/ItemTest.php" line="12" assertions="4" time="0.000644"/>
        <testcase name="testMakeItemTakeable" class="App\Adventure\ItemTest" classname="App.Adventure.ItemTest" file="/home/pau/dbwebb-kurser/mvc/me/report/tests/Adventure/ItemTest.php" line="22" assertions="1" time="0.000497"/>
      </testsuite>
      <testsuite name="App\Adventure\PlayerTest" file="/home/pau/dbwebb-kurser/mvc/me/report/tests/Adventure/PlayerTest.php" tests="2" assertions="4" errors="0" warnings="0" failures="0" skipped="0" time="0.000498">
        <testcase name="testAddAndRemoveItem" class="App\Adventure\PlayerTest" classname="App.Adventure.PlayerTest" file="/home/pau/dbwebb-kurser/mvc/me/report/tests/Adventure/PlayerTest.php" line="12" assertions="2" time="0.000249"/>
        <testcase name="testHasItem" class="App\Adventure\PlayerTest" classname="App.Adventure.PlayerTest" file="/home/pau/dbwebb-kurser/mvc/me/report/tests/Adventure/PlayerTest.php" line="28" assertions="2" time="0.000249"/>
      </testsuite>
      <testsuite name="App\Adventure\RoomTest" file="/home/pau/dbwebb-kurser/mvc/me/report/tests/Adventure/RoomTest.php" tests="3" assertions="9" errors="0" warnings="0" failures="0" skipped="0" time="0.001034">
        <testcase name="testCreateObject" class="App\Adventure\RoomTest" classname="App.Adventure.RoomTest" file="/home/pau/dbwebb-kurser/mvc/me/report/tests/Adventure/RoomTest.php" line="12" assertions="7" time="0.000282"/>
        <testcase name="testRemoveItem" class="App\Adventure\RoomTest" classname="App.Adventure.RoomTest" file="/home/pau/dbwebb-kurser/mvc/me/report/tests/Adventure/RoomTest.php" line="50" assertions="1" time="0.000248"/>
        <testcase name="testActionDone" class="App\Adventure\RoomTest" classname="App.Adventure.RoomTest" file="/home/pau/dbwebb-kurser/mvc/me/report/tests/Adventure/RoomTest.php" line="62" assertions="1" time="0.000504"/>
      </testsuite>
      <testsuite name="App\Card\CardGraphicTest" file="/home/pau/dbwebb-kurser/mvc/me/report/tests/Card/CardGraphicTest.php" tests="1" assertions="2" errors="0" warnings="0" failures="0" skipped="0" time="0.001175">
        <testcase name="testCreateObject" class="App\Card\CardGraphicTest" classname="App.Card.CardGraphicTest" file="/home/pau/dbwebb-kurser/mvc/me/report/tests/Card/CardGraphicTest.php" line="15" assertions="2" time="0.001175"/>
      </testsuite>
      <testsuite name="App\Card\CardHandTest" file="/home/pau/dbwebb-kurser/mvc/me/report/tests/Card/CardHandTest.php" tests="4" assertions="6" errors="0" warnings="0" failures="0" skipped="0" time="0.002049">
        <testcase name="testCreateObject" class="App\Card\CardHandTest" classname="App.Card.CardHandTest" file="/home/pau/dbwebb-kurser/mvc/me/report/tests/Card/CardHandTest.php" line="15" assertions="1" time="0.001100"/>
        <testcase name="testAddCard" class="App\Card\CardHandTest" classname="App.Card.CardHandTest" file="/home/pau/dbwebb-kurser/mvc/me/report/tests/Card/CardHandTest.php" line="24" assertions="2" time="0.000330"/>
        <testcase name="testGetSuitsAndValues" class="App\Card\CardHandTest" classname="App.Card.CardHandTest" file="/home/pau/dbwebb-kurser/mvc/me/report/tests/Card/CardHandTest.php" line="42" assertions="2" time="0.000317"/>
        <testcase name="testGetPoints" class="App\Card\CardHandTest" classname="App.Card.CardHandTest" file="/home/pau/dbwebb-kurser/mvc/me/report/tests/Card/CardHandTest.php" line="63" assertions="1" time="0.000303"/>
      </testsuite>
      <testsuite name="App\Card\CardTest" file="/home/pau/dbwebb-kurser/mvc/me/report/tests/Card/CardTest.php" tests="1" assertions="3" errors="0" warnings="0" failures="0" skipped="0" time="0.000309">
        <testcase name="testCreateObject" class="App\Card\CardTest" classname="App.Card.CardTest" file="/home/pau/dbwebb-kurser/mvc/me/report/tests/Card/CardTest.php" line="15" assertions="3" time="0.000309"/>
      </testsuite>
      <testsuite name="App\Card\DeckOfCardsTest" file="/home/pau/dbwebb-kurser/mvc/me/report/tests/Card/DeckOfCardsTest.php" tests="4" assertions="8" errors="0" warnings="0" failures="0" skipped="0" time="0.014678">
        <testcase name="testCreateObject" class="App\Card\DeckOfCardsTest" classname="App.Card.DeckOfCardsTest" file="/home/pau/dbwebb-kurser/mvc/me/report/tests/Card/DeckOfCardsTest.php" line="15" assertions="1" time="0.001318"/>
        <testcase name="testgetDeck" class="App\Card\DeckOfCardsTest" classname="App.Card.DeckOfCardsTest" file="/home/pau/dbwebb-kurser/mvc/me/report/tests/Card/DeckOfCardsTest.php" line="24" assertions="2" time="0.000818"/>
        <testcase name="testShuffle" class="App\Card\DeckOfCardsTest" classname="App.Card.DeckOfCardsTest" file="/home/pau/dbwebb-kurser/mvc/me/report/tests/Card/DeckOfCardsTest.php" line="38" assertions="2" time="0.011891"/>
        <testcase name="testdrawCards" class="App\Card\DeckOfCardsTest" classname="App.Card.DeckOfCardsTest" file="/home/pau/dbwebb-kurser/mvc/me/report/tests/Card/DeckOfCardsTest.php" line="58" assertions="3" time="0.000653"/>
      </testsuite>
      <testsuite name="App\Card\GameLogicTest" file="/home/pau/dbwebb-kurser/mvc/me/report/tests/Card/GameLogicTest.php" tests="6" assertions="14" errors="0" warnings="0" failures="0" skipped="0" time="0.014165">
        <testcase name="testCreateObject" class="App\Card\GameLogicTest" classname="App.Card.GameLogicTest" file="/home/pau/dbwebb-kurser/mvc/me/report/tests/Card/GameLogicTest.php" line="15" assertions="3" time="0.001433"/>
        <testcase name="testShuffleDeck" class="App\Card\GameLogicTest" classname="App.Card.GameLogicTest" file="/home/pau/dbwebb-kurser/mvc/me/report/tests/Card/GameLogicTest.php" line="30" assertions="1" time="0.010862"/>
        <testcase name="testDraw" class="App\Card\GameLogicTest" classname="App.Card.GameLogicTest" file="/home/pau/dbwebb-kurser/mvc/me/report/tests/Card/GameLogicTest.php" line="42" assertions="4" time="0.000629"/>
        <testcase name="testLimit" class="App\Card\GameLogicTest" classname="App.Card.GameLogicTest" file="/home/pau/dbwebb-kurser/mvc/me/report/tests/Card/GameLogicTest.php" line="62" assertions="2" time="0.000393"/>
        <testcase name="testGetWinner" class="App\Card\GameLogicTest" classname="App.Card.GameLogicTest" file="/home/pau/dbwebb-kurser/mvc/me/report/tests/Card/GameLogicTest.php" line="73" assertions="3" time="0.000465"/>
        <testcase name="testGameOver" class="App\Card\GameLogicTest" classname="App.Card.GameLogicTest" file="/home/pau/dbwebb-kurser/mvc/me/report/tests/Card/GameLogicTest.php" line="107" assertions="1" time="0.000382"/>
      </testsuite>
      <testsuite name="App\Card\PlayerTest" file="/home/pau/dbwebb-kurser/mvc/me/report/tests/Card/PlayerTest.php" tests="2" assertions="4" errors="0" warnings="0" failures="0" skipped="0" time="0.000531">
        <testcase name="testCreateObject" class="App\Card\PlayerTest" classname="App.Card.PlayerTest" file="/home/pau/dbwebb-kurser/mvc/me/report/tests/Card/PlayerTest.php" line="15" assertions="2" time="0.000252"/>
        <testcase name="testPlayerHand" class="App\Card\PlayerTest" classname="App.Card.PlayerTest" file="/home/pau/dbwebb-kurser/mvc/me/report/tests/Card/PlayerTest.php" line="27" assertions="2" time="0.000279"/>
      </testsuite>
      <testsuite name="App\Dice\DiceTest" file="/home/pau/dbwebb-kurser/mvc/me/report/tests/Dice/DiceTest.php" tests="1" assertions="2" errors="0" warnings="0" failures="0" skipped="0" time="0.001117">
        <testcase name="testCreateDice" class="App\Dice\DiceTest" classname="App.Dice.DiceTest" file="/home/pau/dbwebb-kurser/mvc/me/report/tests/Dice/DiceTest.php" line="16" assertions="2" time="0.001117"/>
      </testsuite>
      <testsuite name="App\Entity\BookTest" file="/home/pau/dbwebb-kurser/mvc/me/report/tests/Entity/BookTest.php" tests="4" assertions="4" errors="0" warnings="0" failures="0" skipped="0" time="0.001803">
        <testcase name="testSetAndGetTitle" class="App\Entity\BookTest" classname="App.Entity.BookTest" file="/home/pau/dbwebb-kurser/mvc/me/report/tests/Entity/BookTest.php" line="12" assertions="1" time="0.001046"/>
        <testcase name="testSetAndGetIsbn" class="App\Entity\BookTest" classname="App.Entity.BookTest" file="/home/pau/dbwebb-kurser/mvc/me/report/tests/Entity/BookTest.php" line="19" assertions="1" time="0.000267"/>
        <testcase name="testSetAndGetAuthor" class="App\Entity\BookTest" classname="App.Entity.BookTest" file="/home/pau/dbwebb-kurser/mvc/me/report/tests/Entity/BookTest.php" line="26" assertions="1" time="0.000255"/>
        <testcase name="testSetAndGetImage" class="App\Entity\BookTest" classname="App.Entity.BookTest" file="/home/pau/dbwebb-kurser/mvc/me/report/tests/Entity/BookTest.php" line="33" assertions="1" time="0.000235"/>
      </testsuite>
      <testsuite name="App\Entity\ProductTest" file="/home/pau/dbwebb-kurser/mvc/me/report/tests/Entity/ProductTest.php" tests="2" assertions="2" errors="0" warnings="0" failures="0" skipped="0" time="0.001030">
        <testcase name="testSetAndGetName" class="App\Entity\ProductTest" classname="App.Entity.ProductTest" file="/home/pau/dbwebb-kurser/mvc/me/report/tests/Entity/ProductTest.php" line="12" assertions="1" time="0.000756"/>
        <testcase name="testSetAndGetValue" class="App\Entity\ProductTest" classname="App.Entity.ProductTest" file="/home/pau/dbwebb-kurser/mvc/me/report/tests/Entity/ProductTest.php" line="19" assertions="1" time="0.000274"/>
      </testsuite>
    </testsuite>
  </testsuite>
</testsuites>
